CoAP_client - 2022-01-10 23:04:30,388 - INFO - Connection started.
CoAP_client - 2022-01-10 23:07:18,490 - INFO - Connection started.
CoAP_client - 2022-01-10 23:09:42,094 - INFO - Connection started.
CoAP_client - 2022-01-10 23:10:25,571 - INFO - Connection started.
CoAP_client - 2022-01-10 23:10:31,614 - INFO - Request is sent to server : 
version:1 
 type:0 
 token_len:5 
 class:0 
 code: 1 
message_id:47028 
token: b'G\rE\x8e\xcc' 
payload: {"cmd": "open", "path": "/"} 

CoAP_client - 2022-01-10 23:14:03,211 - INFO - Connection started.
CoAP_client - 2022-01-10 23:26:16,234 - INFO - Connection started.
CoAP_client - 2022-01-10 23:26:46,452 - INFO - Connection started.
CoAP_client - 2022-01-10 23:28:14,138 - INFO - Connection started.
CoAP_client - 2022-01-10 23:29:04,762 - INFO - Connection started.
CoAP_client - 2022-01-10 23:29:07,035 - INFO - Request is sent to server : 
version:1 
 type:1 
 token_len:3 
 class:0 
 code: 1 
message_id:46364 
token: b'x\x90\xfa' 
payload: {"cmd": "open", "path": "/"} 

CoAP_client - 2022-01-10 23:29:07,035 - INFO - Server response : 
version:1 
 type:1 
 token_len:3 
 class:2 
 code: 5 
message_id:46364 
token: b'x\x90\xfa' 
payload: {"client_cmd": "open", "response": ["file1.doc", "file5", "newdirectory"], "type": "folder"} 

CoAP_client - 2022-01-10 23:29:09,015 - INFO - Request is sent to server : 
version:1 
 type:1 
 token_len:3 
 class:0 
 code: 1 
message_id:22204 
token: b'*\xd4O' 
payload: {"cmd": "open", "path": "/"} 

CoAP_client - 2022-01-10 23:29:09,015 - INFO - Server response : 
version:1 
 type:1 
 token_len:3 
 class:2 
 code: 5 
message_id:22204 
token: b'*\xd4O' 
payload: {"client_cmd": "open", "response": ["file1.doc", "file5", "newdirectory"], "type": "folder"} 

CoAP_client - 2022-01-10 23:29:09,535 - INFO - Request is sent to server : 
version:1 
 type:1 
 token_len:2 
 class:0 
 code: 1 
message_id:46765 
token: b'\x9d\xd0' 
payload: {"cmd": "open", "path": "/"} 

CoAP_client - 2022-01-10 23:29:09,535 - INFO - Server response : 
version:1 
 type:1 
 token_len:2 
 class:2 
 code: 5 
message_id:46765 
token: b'\x9d\xd0' 
payload: {"client_cmd": "open", "response": ["file1.doc", "file5", "newdirectory"], "type": "folder"} 

CoAP_client - 2022-01-10 23:29:10,605 - INFO - Request is sent to server : 
version:1 
 type:1 
 token_len:6 
 class:0 
 code: 1 
message_id:53564 
token: b'\x8di\xb7\xf6\xe2\xe2' 
payload: {"cmd": "open", "path": "/"} 

CoAP_client - 2022-01-10 23:29:10,605 - INFO - Server response : 
version:1 
 type:1 
 token_len:6 
 class:2 
 code: 5 
message_id:53564 
token: b'\x8di\xb7\xf6\xe2\xe2' 
payload: {"client_cmd": "open", "response": ["file1.doc", "file5", "newdirectory"], "type": "folder"} 

CoAP_client - 2022-01-10 23:29:30,145 - INFO - Connection started.
CoAP_client - 2022-01-10 23:33:07,818 - INFO - Connection started.
CoAP_client - 2022-01-10 23:34:14,798 - INFO - Connection started.
CoAP_client - 2022-01-10 23:48:28,195 - INFO - Connection started.
CoAP_client - 2022-01-10 23:48:31,996 - INFO - Request is sent to server : 
version:1 
 type:0 
 token_len:4 
 class:0 
 code: 1 
message_id:10579 
token: b'H\x1c\x19z' 
payload: {"cmd": "open", "path": "/"} 

CoAP_client - 2022-01-10 23:48:31,996 - INFO - Request acknowledged
CoAP_client - 2022-01-10 23:48:31,996 - INFO - Server response : 
version:1 
 type:2 
 token_len:4 
 class:2 
 code: 5 
message_id:10579 
token: b'H\x1c\x19z' 
payload: {"client_cmd": "open", "response": ["file1.doc", "file5", "newdirectory"], "type": "folder"} 

CoAP_client - 2022-01-10 23:48:32,996 - INFO - Request is sent to server : 
version:1 
 type:0 
 token_len:4 
 class:0 
 code: 1 
message_id:36176 
token: b'\x135\xbc\x85' 
payload: {"cmd": "open", "path": "/"} 

CoAP_client - 2022-01-10 23:48:32,996 - INFO - Request acknowledged
CoAP_client - 2022-01-10 23:48:32,996 - INFO - Server response : 
version:1 
 type:2 
 token_len:4 
 class:2 
 code: 5 
message_id:36176 
token: b'\x135\xbc\x85' 
payload: {"client_cmd": "open", "response": ["file1.doc", "file5", "newdirectory"], "type": "folder"} 

CoAP_client - 2022-01-10 23:48:42,403 - INFO - Request is sent to server : 
version:1 
 type:0 
 token_len:8 
 class:0 
 code: 8 
message_id:35420 
token: b'\x9e\xdd\xb9\x1a\xd2Now' 
payload: {"cmd": "search", "path": "/", "target_name_regex": "dir"} 

CoAP_client - 2022-01-10 23:48:42,403 - INFO - Request acknowledged
CoAP_client - 2022-01-10 23:48:42,403 - INFO - Server response : 
version:1 
 type:2 
 token_len:8 
 class:0 
 code: 8 
message_id:35420 
token: b'\x9e\xdd\xb9\x1a\xd2Now' 
payload: {"client_cmd": "search", "path": "/", "results": [{"name": "newdirectory", "type": "folder", "path": "newdirectory"}, {"name": "dir1", "type": "folder", "path": "newdirectory/dir1"}, {"name": "dir2", "type": "folder", "path": "newdirectory/dir2"}]} 

CoAP_client - 2022-01-10 23:48:54,492 - INFO - Request is sent to server : 
version:1 
 type:0 
 token_len:1 
 class:0 
 code: 2 
message_id:35969 
token: b'\xd6' 
payload: {"cmd": "move", "path": "/file5", "new_path": "/newdirectory"} 

CoAP_client - 2022-01-10 23:48:54,492 - INFO - Request acknowledged
CoAP_client - 2022-01-10 23:48:54,492 - INFO - Server response : 
version:1 
 type:2 
 token_len:1 
 class:4 
 code: 3 
message_id:35969 
token: b'\xd6' 
payload: An object already exists at the destination path 

